{"D:\\LPU\\VScode\\React\\My_Project1\\src\\components\\Header.js": {"path":"D:\\LPU\\VScode\\React\\My_Project1\\src\\components\\Header.js","statementMap":{"0":{"start":{"line":8,"column":19},"end":{"line":11,"column":1}},"1":{"start":{"line":10,"column":4},"end":{"line":10,"column":16}},"2":{"start":{"line":13,"column":13},"end":{"line":43,"column":1}},"3":{"start":{"line":14,"column":17},"end":{"line":14,"column":40}},"4":{"start":{"line":15,"column":33},"end":{"line":15,"column":47}},"5":{"start":{"line":16,"column":19},"end":{"line":16,"column":30}},"6":{"start":{"line":17,"column":16},"end":{"line":17,"column":52}},"7":{"start":{"line":17,"column":35},"end":{"line":17,"column":51}},"8":{"start":{"line":19,"column":4},"end":{"line":42,"column":6}},"9":{"start":{"line":37,"column":45},"end":{"line":37,"column":65}},"10":{"start":{"line":37,"column":106},"end":{"line":37,"column":125}}},"fnMap":{"0":{"name":"(anonymous_0)","decl":{"start":{"line":8,"column":19},"end":{"line":8,"column":20}},"loc":{"start":{"line":8,"column":23},"end":{"line":11,"column":1}},"line":8},"1":{"name":"(anonymous_1)","decl":{"start":{"line":13,"column":13},"end":{"line":13,"column":14}},"loc":{"start":{"line":13,"column":17},"end":{"line":43,"column":1}},"line":13},"2":{"name":"(anonymous_2)","decl":{"start":{"line":17,"column":28},"end":{"line":17,"column":29}},"loc":{"start":{"line":17,"column":35},"end":{"line":17,"column":51}},"line":17},"3":{"name":"(anonymous_3)","decl":{"start":{"line":37,"column":40},"end":{"line":37,"column":41}},"loc":{"start":{"line":37,"column":44},"end":{"line":37,"column":66}},"line":37},"4":{"name":"(anonymous_4)","decl":{"start":{"line":37,"column":102},"end":{"line":37,"column":103}},"loc":{"start":{"line":37,"column":106},"end":{"line":37,"column":125}},"line":37}},"branchMap":{"0":{"loc":{"start":{"line":34,"column":69},"end":{"line":34,"column":87}},"type":"cond-expr","locations":[{"start":{"line":34,"column":79},"end":{"line":34,"column":82}},{"start":{"line":34,"column":84},"end":{"line":34,"column":87}}],"line":34},"1":{"loc":{"start":{"line":37,"column":12},"end":{"line":37,"column":141}},"type":"cond-expr","locations":[{"start":{"line":37,"column":23},"end":{"line":37,"column":84}},{"start":{"line":37,"column":85},"end":{"line":37,"column":141}}],"line":37}},"s":{"0":1,"1":0,"2":1,"3":3,"4":3,"5":3,"6":3,"7":6,"8":3,"9":0,"10":0},"f":{"0":0,"1":3,"2":6,"3":0,"4":0},"b":{"0":[3,0],"1":[3,0]},"_coverageSchema":"1a1c01bbd47fc00a2c39e90264f33305004495a9","hash":"e78414e570918856bb2ab1e2e83cf63778669189"}
,"D:\\LPU\\VScode\\React\\My_Project1\\src\\components\\sum.js": {"path":"D:\\LPU\\VScode\\React\\My_Project1\\src\\components\\sum.js","statementMap":{"0":{"start":{"line":2,"column":17},"end":{"line":2,"column":27}},"1":{"start":{"line":2,"column":24},"end":{"line":2,"column":27}}},"fnMap":{"0":{"name":"(anonymous_0)","decl":{"start":{"line":2,"column":17},"end":{"line":2,"column":18}},"loc":{"start":{"line":2,"column":24},"end":{"line":2,"column":27}},"line":2}},"branchMap":{},"s":{"0":1,"1":1},"f":{"0":1},"b":{},"_coverageSchema":"1a1c01bbd47fc00a2c39e90264f33305004495a9","hash":"85ea2eb569430d1e9721cbfae5796213c1284738"}
,"D:\\LPU\\VScode\\React\\My_Project1\\src\\mocks\\dummyLogo.js": {"path":"D:\\LPU\\VScode\\React\\My_Project1\\src\\mocks\\dummyLogo.js","statementMap":{},"fnMap":{},"branchMap":{},"s":{},"f":{},"b":{},"_coverageSchema":"1a1c01bbd47fc00a2c39e90264f33305004495a9","hash":"25a41bc64673dc1e997c81683e2656ed8ecfc683"}
,"D:\\LPU\\VScode\\React\\My_Project1\\src\\utils\\UserContext.js": {"path":"D:\\LPU\\VScode\\React\\My_Project1\\src\\utils\\UserContext.js","statementMap":{"0":{"start":{"line":3,"column":18},"end":{"line":8,"column":2}}},"fnMap":{},"branchMap":{},"s":{"0":1},"f":{},"b":{},"_coverageSchema":"1a1c01bbd47fc00a2c39e90264f33305004495a9","hash":"484a0a9d384e82cebda7b5685283893bf21d5120"}
,"D:\\LPU\\VScode\\React\\My_Project1\\src\\utils\\cartSlice.js": {"path":"D:\\LPU\\VScode\\React\\My_Project1\\src\\utils\\cartSlice.js","statementMap":{"0":{"start":{"line":3,"column":16},"end":{"line":22,"column":2}},"1":{"start":{"line":10,"column":12},"end":{"line":10,"column":45}},"2":{"start":{"line":13,"column":12},"end":{"line":13,"column":52}},"3":{"start":{"line":14,"column":34},"end":{"line":14,"column":91}},"4":{"start":{"line":14,"column":64},"end":{"line":14,"column":90}},"5":{"start":{"line":15,"column":12},"end":{"line":15,"column":49}},"6":{"start":{"line":18,"column":19},"end":{"line":18,"column":75}},"7":{"start":{"line":19,"column":11},"end":{"line":19,"column":38}},"8":{"start":{"line":19,"column":23},"end":{"line":19,"column":38}},"9":{"start":{"line":23,"column":44},"end":{"line":23,"column":61}}},"fnMap":{"0":{"name":"(anonymous_0)","decl":{"start":{"line":9,"column":16},"end":{"line":9,"column":17}},"loc":{"start":{"line":9,"column":32},"end":{"line":11,"column":9}},"line":9},"1":{"name":"(anonymous_1)","decl":{"start":{"line":12,"column":19},"end":{"line":12,"column":20}},"loc":{"start":{"line":12,"column":35},"end":{"line":16,"column":9}},"line":12},"2":{"name":"(anonymous_2)","decl":{"start":{"line":14,"column":56},"end":{"line":14,"column":57}},"loc":{"start":{"line":14,"column":64},"end":{"line":14,"column":90}},"line":14},"3":{"name":"(anonymous_3)","decl":{"start":{"line":17,"column":18},"end":{"line":17,"column":19}},"loc":{"start":{"line":17,"column":27},"end":{"line":20,"column":9}},"line":17}},"branchMap":{"0":{"loc":{"start":{"line":19,"column":11},"end":{"line":19,"column":38}},"type":"if","locations":[{"start":{"line":19,"column":11},"end":{"line":19,"column":38}},{"start":{},"end":{}}],"line":19}},"s":{"0":1,"1":0,"2":0,"3":0,"4":0,"5":0,"6":0,"7":0,"8":0,"9":1},"f":{"0":0,"1":0,"2":0,"3":0},"b":{"0":[0,0]},"_coverageSchema":"1a1c01bbd47fc00a2c39e90264f33305004495a9","hash":"7b453640d4ec78cf030129553948b5bf74193c8c"}
,"D:\\LPU\\VScode\\React\\My_Project1\\src\\utils\\store.js": {"path":"D:\\LPU\\VScode\\React\\My_Project1\\src\\utils\\store.js","statementMap":{"0":{"start":{"line":4,"column":12},"end":{"line":8,"column":2}}},"fnMap":{},"branchMap":{},"s":{"0":1},"f":{},"b":{},"_coverageSchema":"1a1c01bbd47fc00a2c39e90264f33305004495a9","hash":"9793a9a9bb4ba458f3da423fc613bcb18525f95c"}
,"D:\\LPU\\VScode\\React\\My_Project1\\src\\utils\\useOnline.js": {"path":"D:\\LPU\\VScode\\React\\My_Project1\\src\\utils\\useOnline.js","statementMap":{"0":{"start":{"line":3,"column":16},"end":{"line":23,"column":1}},"1":{"start":{"line":4,"column":33},"end":{"line":4,"column":47}},"2":{"start":{"line":7,"column":23},"end":{"line":9,"column":5}},"3":{"start":{"line":8,"column":8},"end":{"line":8,"column":26}},"4":{"start":{"line":10,"column":24},"end":{"line":12,"column":5}},"5":{"start":{"line":11,"column":8},"end":{"line":11,"column":27}},"6":{"start":{"line":13,"column":4},"end":{"line":21,"column":7}},"7":{"start":{"line":14,"column":8},"end":{"line":14,"column":54}},"8":{"start":{"line":15,"column":8},"end":{"line":15,"column":56}},"9":{"start":{"line":17,"column":8},"end":{"line":20,"column":9}},"10":{"start":{"line":18,"column":12},"end":{"line":18,"column":62}},"11":{"start":{"line":19,"column":12},"end":{"line":19,"column":64}},"12":{"start":{"line":22,"column":4},"end":{"line":22,"column":20}}},"fnMap":{"0":{"name":"(anonymous_0)","decl":{"start":{"line":3,"column":16},"end":{"line":3,"column":17}},"loc":{"start":{"line":3,"column":20},"end":{"line":23,"column":1}},"line":3},"1":{"name":"(anonymous_1)","decl":{"start":{"line":7,"column":23},"end":{"line":7,"column":24}},"loc":{"start":{"line":7,"column":27},"end":{"line":9,"column":5}},"line":7},"2":{"name":"(anonymous_2)","decl":{"start":{"line":10,"column":24},"end":{"line":10,"column":25}},"loc":{"start":{"line":10,"column":28},"end":{"line":12,"column":5}},"line":10},"3":{"name":"(anonymous_3)","decl":{"start":{"line":13,"column":14},"end":{"line":13,"column":15}},"loc":{"start":{"line":13,"column":18},"end":{"line":21,"column":5}},"line":13},"4":{"name":"(anonymous_4)","decl":{"start":{"line":17,"column":14},"end":{"line":17,"column":15}},"loc":{"start":{"line":17,"column":18},"end":{"line":20,"column":9}},"line":17}},"branchMap":{},"s":{"0":1,"1":3,"2":3,"3":0,"4":3,"5":0,"6":3,"7":3,"8":3,"9":3,"10":3,"11":3,"12":3},"f":{"0":3,"1":0,"2":0,"3":3,"4":3},"b":{},"_coverageSchema":"1a1c01bbd47fc00a2c39e90264f33305004495a9","hash":"78734394eeb517f1b9299da764cb86c5adc95ea2"}
}
